<?xml version="1.0" encoding="UTF-8"?>
<!-- Generated by org.testng.reporters.JUnitReportReporter -->
<testsuite hostname="DESKTOP-CA70CMH" failures="0" tests="6" name="test.VerifySigninPage" time="0.000" errors="0" timestamp="2024-10-17T16:59:41 IST" skipped="6">
  <testcase classname="test.VerifySigninPage" name="verifyLogin" time="0.000">
    <skipped/>
  </testcase> <!-- verifyLogin -->
  <system-out/>
  <testcase classname="test.VerifySigninPage" name="verifyYourAccount" time="0.000">
    <skipped/>
  </testcase> <!-- verifyYourAccount -->
  <system-out/>
  <testcase classname="test.VerifySigninPage" name="verifyLogin" time="0.000">
    <skipped/>
  </testcase> <!-- verifyLogin -->
  <system-out/>
  <testcase classname="test.VerifySigninPage" name="verifyYourAccount" time="0.000">
    <skipped/>
  </testcase> <!-- verifyYourAccount -->
  <system-out/>
  <testcase classname="test.VerifySigninPage" name="verifyYourAccount" time="0.000">
    <skipped/>
  </testcase> <!-- verifyYourAccount -->
  <system-out/>
  <testcase classname="test.VerifySigninPage" name="verifyLogin" time="0.000">
    <skipped/>
  </testcase> <!-- verifyLogin -->
  <system-out/>
</testsuite> <!-- test.VerifySigninPage -->
