<?xml version="1.0" encoding="UTF-8"?>
<!-- Generated by org.testng.reporters.JUnitReportReporter -->
<testsuite hostname="DESKTOP-CA70CMH" failures="0" tests="2" name="test.demo" time="0.017" errors="0" timestamp="2024-09-26T10:58:24 IST" skipped="0">
  <testcase classname="test.demo" name="test12345" time="0.003"/>
  <system-out/>
  <testcase classname="test.demo" name="test123" time="0.014"/>
  <system-out/>
</testsuite> <!-- test.demo -->
